    SHA1 sum                                    File name
    =====================================================

directory: .

directory: 1. The Fellowship of the Ring
    81fa4ca539180caeedc82d2dbd90856f64c7dab6    The Fellowship of the Ring - 01. The Prophecy.ogg
    059fc8bb56524077f0ff8aae4e35f7bf8a4ac3d2    The Fellowship of the Ring - 02. Concerning Hobbits.ogg
    dbab209ff185a50b4fbab5666a0d2679b80c332e    The Fellowship of the Ring - 03. The Shadow of the Past.ogg
    16b9e70a08d1714fa1649d0cb12b5c124a550f64    The Fellowship of the Ring - 04. The Treason of Isengard.ogg
    1bca67b373738a3bc90322afb9355db3839beca3    The Fellowship of the Ring - 05. The Black Rider.ogg
    7cf86b7c17a95f2c1b5a4daaccfd1deb02c493a3    The Fellowship of the Ring - 06. At the Sign of the Prancing Pony.ogg
    111996bb8f83ac00a7870483644cd556b7ca84a7    The Fellowship of the Ring - 07. A Knife in the Dark.ogg
    67ecb50992f71ecab27b75f140fb10f38c668535    The Fellowship of the Ring - 08. Flight to the Ford.ogg
    a0d6e404e28b91595ddad3befb774119158fdb5c    The Fellowship of the Ring - 09. Many Meetings.ogg
    d6081ac28ba84038c0424f8025477c524119a41e    The Fellowship of the Ring - 10. The Council of Elrond.ogg
    378875851acccdfec9096efde252cd5ca3ed520e    The Fellowship of the Ring - 11. The Ring Goes South.ogg
    1926e1cabece9179278a376f14995b51cca5d2e3    The Fellowship of the Ring - 12. A Journey in the Dark.ogg
    47fd814c76387427798b264fae3e1473a3f191fb    The Fellowship of the Ring - 13. The Bridge of Khazad-dum.ogg
    af1ca20109795fb7df5263be9ac29a947037b006    The Fellowship of the Ring - 14. Lothlorien.ogg
    5eb253a24116c41986f6b7de8eec2352493fdc3a    The Fellowship of the Ring - 15. The Great River.ogg
    a53474a3ae50443241ed1188d4343eddcb460e2a    The Fellowship of the Ring - 16. Amon Hen.ogg
    451181a638ef93c0341e203622dc8b4e5ec4eb5a    The Fellowship of the Ring - 17. The Breaking of the Fellowship.ogg
    5c88da6a4fa3400e57b70d849e02ef73675bd4df    The Fellowship of the Ring - 18. Enya - May It Be.ogg

directory: 2. The Two Towers
    a497876b35d4e2f07a8539aacd31bc4d0ab6f514    The Two Towers - 01. Foundations of Stone.ogg
    db97ea99fa2a639e694f1521408a805d79eb3825    The Two Towers - 02. The Taming of Smeagol.ogg
    cdf64d8c3563f67629e5d535a57ac56202abe67c    The Two Towers - 03. The Riders of Rohan.ogg
    6e3d216e35f52ec39fe503f308c1b64e68439b3f    The Two Towers - 04. The Passage of the Marshes.ogg
    04fc8054cbe2e7c36479d3497f16fb90fe9b90dd    The Two Towers - 05. The Uruk-hai.ogg
    ed29703a7648d0007b0693dd5a31bf57fd9aeec4    The Two Towers - 06. The King of the Golden Hall.ogg
    09f9d57da67ad93fecb5e72e8daf71066b98e5f4    The Two Towers - 07. The Black Gate Is Closed.ogg
    1a74a88f18267dd9d99e6f4455045a45c1d6b376    The Two Towers - 08. Evenstar.ogg
    90924a1590cc89a717f51c3fe24e3ec125224565    The Two Towers - 09. The White Rider.ogg
    e829ac1cdb807f88ef41036b9dd596d84e56d52f    The Two Towers - 10. Treebeard.ogg
    4845dcadec50a0f2a0ea5ca5601aa377d05dfa01    The Two Towers - 11. The Leave Taking.ogg
    75c362073b98c7ce50843b9ae0adf8d008db398f    The Two Towers - 12. Helm's Deep.ogg
    b913dc398a430e2b4f29d35ed857bce046f3a198    The Two Towers - 13. The Forbidden Pool.ogg
    75a04a14e57ff3b5ea2de794a9039fb41987d278    The Two Towers - 14. Breath of Life.ogg
    45fae8fa89442b3dfefa668e4c50bb797e12a9be    The Two Towers - 15. The Hornburg.ogg
    9f37f4efb9d413937b580693a963098871d67cb9    The Two Towers - 16. Forth Eorlingas.ogg
    3812130d0b79cc16a5725c98855660eaa65c8dd5    The Two Towers - 17. Isengard Unleashed.ogg
    93c8efc3f8fc57c067ffc6b3e45a8f179030d9a5    The Two Towers - 18. Samwise The Brave.ogg
    04c53a046edcf1a0e14e3b3369f00a0fef846aea    The Two Towers - 19. Gollum's Song.ogg

directory: 3. The Return of the King
    f2eefda04f2a49f9b33fa00ded911ea232747a0b    The Return of the King - 01. A Storm Is Coming.ogg
    eb51af69599b0ead59c058723bea29e997babdf0    The Return of the King - 02. Hope and Memory.ogg
    a78abbd7125e1afd938048abd498145a8beb2c78    The Return of the King - 03. Minas Tirith.ogg
    971552a0b7420718743a7a64c9021efb7d9db9ae    The Return of the King - 04. The White Tree.ogg
    e364fa179769d3ced9245f65ee528a66d6ee92e5    The Return of the King - 05. The Steward of Gondor.ogg
    e162c089dbc0b89dc785631cb655b8bd55ee2b3d    The Return of the King - 06. Minas Morgul.ogg
    faa44a1f47696f3716849a58d622e987213e5fd0    The Return of the King - 07. The Ride of the Rohirrim.ogg
    2875c3125f43dd57f8de0cf322af2267c60c6b94    The Return of the King - 08. Twilight and Shadow.ogg
    d1140d171e79aafac91bbddffc5f2bf59a6f245f    The Return of the King - 09. Cirith Ungol.ogg
    eb0ae34c9fdcc42d9262aedc43c35d2c6930389b    The Return of the King - 10. Anduril.ogg
    eb3c7e9b46c2e22a25ee114a296c7bbe2e8b611e    The Return of the King - 11. Shelob's Lair.ogg
    67e9d235073cfd3427f88c304029af7e072c5211    The Return of the King - 12. Ash and Smoke.ogg
    3c1614a43433e1f78973eef0d02e6f70184b4fb2    The Return of the King - 13. The Fields of the Pelennor.ogg
    9eca79274556e694116d1967b0e96436a4073b37    The Return of the King - 14. Hope Fails.ogg
    8f31f7bd270290cb2256fa7c127c82dd0b7dbbaa    The Return of the King - 15. The Black Gate Opens.ogg
    c428a8a8c289e73916e94b604e747670bd0de32e    The Return of the King - 16. The End of All Things.ogg
    b82ab5cb09be77cf777fad317f64125a6c44d1e6    The Return of the King - 17. The Return of the King.ogg
    afdc2a0f40a5186a26863aa0e9b0ef7afcf53e55    The Return of the King - 18. The Grey Havens.ogg
    242110e9df8659b679213ed105c64a634153f12e    The Return of the King - 19. Into the West.ogg

Number of files: 56
Calculation of check sums took: 3 s
Calculation date: 4.06.2018
